<?xml version="1.0" encoding="UTF-8"?>
<!-- Generated by org.testng.reporters.JUnitReportReporter -->
<testsuite skipped="0" hostname="Anoops-MBP-2" name="se.leeroyMpos.qa.tests.RegisterTest" tests="3" failures="0" timestamp="2020-04-30T20:47:30 CEST" time="30.464" errors="0">
  <testcase name="invalidSecretKey" time="6.015" classname="se.leeroyMpos.qa.tests.RegisterTest"/>
  <system-out/>
  <testcase name="validSecretKey" time="15.192" classname="se.leeroyMpos.qa.tests.RegisterTest"/>
  <system-out/>
  <testcase name="CompleteRegistration" time="9.257" classname="se.leeroyMpos.qa.tests.RegisterTest"/>
  <system-out/>
</testsuite> <!-- se.leeroyMpos.qa.tests.RegisterTest -->
