<?xml version="1.0" encoding="UTF-8"?>
<!-- Generated by org.testng.reporters.JUnitReportReporter -->
<testsuite skipped="0" hostname="Anoops-MBP-2" name="se.leeroyMpos.qa.tests.PrinterTest" tests="1" failures="0" timestamp="2020-04-30T20:49:17 CEST" time="7.719" errors="0">
  <testcase name="SelectPrinter" time="7.719" classname="se.leeroyMpos.qa.tests.PrinterTest"/>
  <system-out/>
</testsuite> <!-- se.leeroyMpos.qa.tests.PrinterTest -->
