<?xml version="1.0" encoding="UTF-8"?>
<!-- Generated by org.testng.reporters.JUnitReportReporter -->
<testsuite skipped="0" hostname="Anoops-MBP-2" name="se.leeroyMpos.qa.tests.LoginTest" tests="3" failures="0" timestamp="2020-08-07T17:48:22 CEST" time="152.345" errors="0">
  <testcase name="invalidPinNumber" time="72.880" classname="se.leeroyMpos.qa.tests.LoginTest"/>
  <system-out/>
  <testcase name="validPinNumber" time="73.442" classname="se.leeroyMpos.qa.tests.LoginTest"/>
  <system-out/>
  <testcase name="addToCart" time="6.023" classname="se.leeroyMpos.qa.tests.LoginTest"/>
  <system-out/>
</testsuite> <!-- se.leeroyMpos.qa.tests.LoginTest -->
