<?xml version="1.0" encoding="UTF-8"?>
<!-- Generated by org.testng.reporters.JUnitReportReporter -->
<testsuite skipped="0" hostname="Anoops-MBP-2" name="se.leeroyMpos.qa.tests.RegisterTest" tests="6" failures="0" timestamp="2020-08-07T17:12:36 CEST" time="164.176" errors="0">
  <testcase name="invalidSecretKey" time="73.279" classname="se.leeroyMpos.qa.tests.RegisterTest"/>
  <system-out/>
  <testcase name="validSecretKey" time="76.394" classname="se.leeroyMpos.qa.tests.RegisterTest"/>
  <system-out/>
  <testcase name="CompleteRegistration" time="8.695" classname="se.leeroyMpos.qa.tests.RegisterTest"/>
  <system-out/>
  <testcase name="SelectPrinter" time="2.077" classname="se.leeroyMpos.qa.tests.RegisterTest"/>
  <system-out/>
  <testcase name="ipCheck" time="1.936" classname="se.leeroyMpos.qa.tests.RegisterTest"/>
  <system-out/>
  <testcase name="allDone" time="1.795" classname="se.leeroyMpos.qa.tests.RegisterTest"/>
  <system-out/>
</testsuite> <!-- se.leeroyMpos.qa.tests.RegisterTest -->
