<?xml version="1.0" encoding="UTF-8"?>
<!-- Generated by org.testng.reporters.JUnitReportReporter -->
<testsuite skipped="0" hostname="Anoops-MBP-2" name="se.leeroyMpos.qa.tests.RefundTest" tests="2" failures="0" timestamp="2020-07-20T15:56:29 CEST" time="24.090" errors="0">
  <testcase name="refundModeIsEnabled" time="15.385" classname="se.leeroyMpos.qa.tests.RefundTest"/>
  <system-out/>
  <testcase name="discountIsDisplayed" time="8.705" classname="se.leeroyMpos.qa.tests.RefundTest"/>
  <system-out/>
</testsuite> <!-- se.leeroyMpos.qa.tests.RefundTest -->
