<?xml version="1.0" encoding="UTF-8"?>
<!-- Generated by org.testng.reporters.JUnitReportReporter -->
<testsuite skipped="0" hostname="Anoops-MBP-2" name="se.leeroyMpos.qa.tests.PrinterTest" tests="3" failures="0" timestamp="2020-06-03T16:50:07 CEST" time="11.273" errors="0">
  <testcase name="SelectPrinter" time="6.092" classname="se.leeroyMpos.qa.tests.PrinterTest"/>
  <system-out/>
  <testcase name="ipCheck" time="2.590" classname="se.leeroyMpos.qa.tests.PrinterTest"/>
  <system-out/>
  <testcase name="allDone" time="2.591" classname="se.leeroyMpos.qa.tests.PrinterTest"/>
  <system-out/>
</testsuite> <!-- se.leeroyMpos.qa.tests.PrinterTest -->
