<?xml version="1.0" encoding="UTF-8"?>
<!-- Generated by org.testng.reporters.JUnitReportReporter -->
<testsuite skipped="0" hostname="Anoops-MBP-2" name="se.leeroyMpos.qa.tests.LoginTest" tests="3" failures="0" timestamp="2020-04-30T20:51:07 CEST" time="48.619" errors="0">
  <testcase name="invalidPinNumber" time="7.532" classname="se.leeroyMpos.qa.tests.LoginTest"/>
  <system-out/>
  <testcase name="validPinNumber" time="13.953" classname="se.leeroyMpos.qa.tests.LoginTest"/>
  <system-out/>
  <testcase name="addToCart" time="27.134" classname="se.leeroyMpos.qa.tests.LoginTest"/>
  <system-out/>
</testsuite> <!-- se.leeroyMpos.qa.tests.LoginTest -->
